<?xml version="1.0" encoding="UTF-8"?>
<testng-results skipped="0" failed="0" total="1" passed="1">
  <reporter-output>
  </reporter-output>
  <suite name="Default suite" duration-ms="22914" started-at="2017-02-10T05:47:29Z" finished-at="2017-02-10T05:47:52Z">
    <groups>
    </groups>
    <test name="Default test" duration-ms="22914" started-at="2017-02-10T05:47:29Z" finished-at="2017-02-10T05:47:52Z">
      <class name="testcases.PFchangsReservation">
        <test-method status="PASS" signature="beforeSuite()[pri:0, instance:testcases.PFchangsReservation@4dfa3a9d]" name="beforeSuite" is-config="true" duration-ms="683" started-at="2017-02-10T11:17:29Z" finished-at="2017-02-10T11:17:29Z">
          <reporter-output>
          </reporter-output>
        </test-method> <!-- beforeSuite -->
        <test-method status="PASS" signature="beforeTest()[pri:0, instance:testcases.PFchangsReservation@4dfa3a9d]" name="beforeTest" is-config="true" duration-ms="0" started-at="2017-02-10T11:17:29Z" finished-at="2017-02-10T11:17:29Z">
          <reporter-output>
          </reporter-output>
        </test-method> <!-- beforeTest -->
        <test-method status="PASS" signature="beforeClass()[pri:0, instance:testcases.PFchangsReservation@4dfa3a9d]" name="beforeClass" is-config="true" duration-ms="0" started-at="2017-02-10T11:17:29Z" finished-at="2017-02-10T11:17:29Z">
          <reporter-output>
          </reporter-output>
        </test-method> <!-- beforeClass -->
        <test-method status="PASS" signature="beforeMethod()[pri:0, instance:testcases.PFchangsReservation@4dfa3a9d]" name="beforeMethod" is-config="true" duration-ms="9273" started-at="2017-02-10T11:17:30Z" finished-at="2017-02-10T11:17:39Z">
          <reporter-output>
          </reporter-output>
        </test-method> <!-- beforeMethod -->
        <test-method status="PASS" signature="login(java.lang.String, java.lang.String, java.lang.String, java.lang.String, java.lang.String, java.lang.String, java.lang.String, java.lang.String)[pri:0, instance:testcases.PFchangsReservation@4dfa3a9d]" name="login" duration-ms="12135" started-at="2017-02-10T11:17:39Z" data-provider="fetchData" finished-at="2017-02-10T11:17:51Z">
          <params>
            <param index="0">
              <value>
                <![CDATA[Tempe, AZ, United States]]>
              </value>
            </param>
            <param index="1">
              <value>
                <![CDATA[03/27/2017]]>
              </value>
            </param>
            <param index="2">
              <value>
                <![CDATA[06:00PM]]>
              </value>
            </param>
            <param index="3">
              <value>
                <![CDATA[4]]>
              </value>
            </param>
            <param index="4">
              <value>
                <![CDATA[kishore]]>
              </value>
            </param>
            <param index="5">
              <value>
                <![CDATA[kumar]]>
              </value>
            </param>
            <param index="6">
              <value>
                <![CDATA[zfzd@gmail.com]]>
              </value>
            </param>
            <param index="7">
              <value>
                <![CDATA[1234567889]]>
              </value>
            </param>
          </params>
          <reporter-output>
          </reporter-output>
        </test-method> <!-- login -->
        <test-method status="PASS" signature="afterMethod()[pri:0, instance:testcases.PFchangsReservation@4dfa3a9d]" name="afterMethod" is-config="true" duration-ms="977" started-at="2017-02-10T11:17:51Z" finished-at="2017-02-10T11:17:52Z">
          <reporter-output>
          </reporter-output>
        </test-method> <!-- afterMethod -->
        <test-method status="PASS" signature="afterTest()[pri:0, instance:testcases.PFchangsReservation@4dfa3a9d]" name="afterTest" is-config="true" duration-ms="0" started-at="2017-02-10T11:17:52Z" finished-at="2017-02-10T11:17:52Z">
          <reporter-output>
          </reporter-output>
        </test-method> <!-- afterTest -->
        <test-method status="PASS" signature="afterSuite()[pri:0, instance:testcases.PFchangsReservation@4dfa3a9d]" name="afterSuite" is-config="true" duration-ms="426" started-at="2017-02-10T11:17:52Z" finished-at="2017-02-10T11:17:53Z">
          <reporter-output>
          </reporter-output>
        </test-method> <!-- afterSuite -->
      </class> <!-- testcases.PFchangsReservation -->
    </test> <!-- Default test -->
  </suite> <!-- Default suite -->
</testng-results>
